<?xml version="1.0" encoding="utf-8"?><testsuites name="pytest tests"><testsuite name="pytest" errors="0" failures="0" skipped="0" tests="10" time="2.889" timestamp="2026-09-22T09:26:54.267838+00:00" hostname="agent-env-88aa4925-a889-41a4-88dd-33050645a78a"><testcase classname="tests.test_leave_config.TestLeaveConfig" name="test_get_config_defaults" time="1.013" /><testcase classname="tests.test_leave_config.TestJenisValidationAndBLUDOnly" name="test_create_leave_with_new_jenis" time="1.214" /><testcase classname="tests.test_leave_config.TestLeaveConfig" name="test_put_and_persist_config" time="0.176" /><testcase classname="tests.test_leave_config.TestJenisValidationAndBLUDOnly" name="test_create_leave_with_invalid_jenis" time="0.319" /><testcase classname="tests.test_leave_config.TestJenisValidationAndBLUDOnly" name="test_balances_only_blud" time="0.094" /><testcase classname="tests.test_leave_config.TestLeaveConfig" name="test_non_admin_cannot_put" time="0.486" /><testcase classname="tests.test_leave_config.TestLeaveConfig" name="test_apply_defaults_to_blud" time="0.457" /><testcase classname="tests.test_leave_config.TestJenisValidationAndBLUDOnly" name="test_asn_login_ok" time="0.380" /><testcase classname="tests.test_leave_config.TestRestoreDefaults" name="test_restore" time="0.115" /><testcase classname="tests.test_leave_config.TestLeaveConfig" name="test_apply_non_admin_forbidden" time="0.065" /></testsuite></testsuites>