<?xml version="1.0" encoding="utf-8"?><testsuites name="pytest tests"><testsuite name="pytest" errors="0" failures="0" skipped="0" tests="5" time="6.458" timestamp="2026-09-22T05:23:34.225392+00:00" hostname="agent-env-7bf3d531-1043-470b-9e52-ebebd997642d"><testcase classname="tests.test_iter3_features.TestTipePegawai" name="test_seed_distribution" time="1.045" /><testcase classname="tests.test_iter3_features.TestTipePegawai" name="test_create_asn_user" time="1.663" /><testcase classname="tests.test_iter3_features.TestLeaveAttachment" name="test_upload_before_verify_and_download" time="4.069" /><testcase classname="tests.test_iter3_features.TestOfficialLeavePDF" name="test_pdf_contains_official_sections" time="1.035" /><testcase classname="tests.test_iter3_features.TestLeaveAttachment" name="test_upload_bad_extension_rejected" time="0.280" /></testsuite></testsuites>