<?xml version="1.0" encoding="utf-8"?><testsuites name="pytest tests"><testsuite name="pytest" errors="0" failures="0" skipped="0" tests="10" time="6.432" timestamp="2026-09-22T05:09:09.479176+00:00" hostname="agent-env-7bf3d531-1043-470b-9e52-ebebd997642d"><testcase classname="tests.test_leave_sip.TestSIP" name="test_dashboard_admin" time="0.989" /><testcase classname="tests.test_leave_sip.TestLeaveFlow" name="test_balances_endpoint" time="1.416" /><testcase classname="tests.test_leave_sip.TestSIP" name="test_dashboard_kepala_ok" time="0.830" /><testcase classname="tests.test_leave_sip.TestLeaveFlow" name="test_my_balance" time="0.824" /><testcase classname="tests.test_leave_sip.TestSIP" name="test_pegawai_cannot_access_dashboard" time="0.468" /><testcase classname="tests.test_leave_sip.TestLeaveFlow" name="test_priority_deduction_and_cancel_restore" time="0.720" /><testcase classname="tests.test_leave_sip.TestSIP" name="test_sip_submit_and_verify" time="0.272" /><testcase classname="tests.test_leave_sip.TestSIP" name="test_kepala_cannot_verify_sip" time="0.434" /><testcase classname="tests.test_leave_sip.TestLeaveFlow" name="test_pdf_generation" time="0.251" /><testcase classname="tests.test_leave_sip.TestMultiRoleUsers" name="test_create_multi_role_and_blud" time="1.430" /></testsuite></testsuites>