<?xml version="1.0" encoding="utf-8"?><testsuites name="pytest tests"><testsuite name="pytest" errors="0" failures="0" skipped="0" tests="23" time="4.492" timestamp="2026-09-21T00:48:22.820272+00:00" hostname="agent-env-83e260ff-e8dc-4e6a-98e7-344a31b66a45"><testcase classname="tests.backend_test.TestAuth" name="test_login_wrong_password" time="0.406" /><testcase classname="tests.backend_test.TestAuth" name="test_login_nip_or_username" time="0.463" /><testcase classname="tests.backend_test.TestOthers" name="test_ews" time="0.884" /><testcase classname="tests.backend_test.TestOthers" name="test_policy_brief_generate_and_create" time="0.712" /><testcase classname="tests.backend_test.TestAuth" name="test_me" time="0.372" /><testcase classname="tests.backend_test.TestAuth" name="test_me_no_token" time="0.061" /><testcase classname="tests.backend_test.TestRBAC" name="test_pegawai_cannot_list_users" time="0.584" /><testcase classname="tests.backend_test.TestOthers" name="test_settings_update_and_reflect" time="0.587" /><testcase classname="tests.backend_test.TestRBAC" name="test_pegawai_cannot_list_employees" time="0.063" /><testcase classname="tests.backend_test.TestRBAC" name="test_admin_can_list_users" time="0.069" /><testcase classname="tests.backend_test.TestRBAC" name="test_pegawai_cannot_create_indicator" time="0.112" /><testcase classname="tests.backend_test.TestCertificates" name="test_upload_invalid_format" time="0.064" /><testcase classname="tests.backend_test.TestOthers" name="test_audit_logs" time="0.067" /><testcase classname="tests.backend_test.TestCertificates" name="test_upload_too_large" time="0.257" /><testcase classname="tests.backend_test.TestOthers" name="test_export_employees_via_query_auth" time="0.074" /><testcase classname="tests.backend_test.TestOthers" name="test_export_spm_via_query_auth" time="0.074" /><testcase classname="tests.backend_test.TestDashboard" name="test_dashboard_stats" time="0.085" /><testcase classname="tests.backend_test.TestCertificates" name="test_upload_and_verify_flow" time="0.732" /><testcase classname="tests.backend_test.TestDashboard" name="test_me_stats" time="0.114" /><testcase classname="tests.backend_test.TestEmployees" name="test_employees_sorted" time="0.210" /><testcase classname="tests.backend_test.TestSPM" name="test_programs_indicators" time="0.148" /><testcase classname="tests.backend_test.TestSPM" name="test_report_upsert_and_status" time="0.549" /><testcase classname="tests.backend_test.TestSPM" name="test_spm_dashboard" time="0.102" /></testsuite></testsuites>